[Wed Jan 09 2019 10:40:03 GMT+0100 (Mitteleuropäische Zeit)]:  Process got status code 2 - Options were: {"restartOnCrash":true,"crashTimeout":5000,"restartTimeout":0,"console":true,"logFile":"./logs/error.log"}
[Wed Jan 09 2019 10:40:08 GMT+0100 (Mitteleuropäische Zeit)]:  Process got status code 2 - Options were: {"restartOnCrash":true,"crashTimeout":5000,"restartTimeout":0,"console":true,"logFile":"./logs/error.log"}
[Wed Jan 09 2019 10:40:14 GMT+0100 (Mitteleuropäische Zeit)]:  Process got status code 2 - Options were: {"restartOnCrash":true,"crashTimeout":5000,"restartTimeout":0,"console":true,"logFile":"./logs/error.log"}
[Wed Jan 09 2019 10:45:25 GMT+0100 (Mitteleuropäische Zeit)]:  Process got status code 2 - Options were: {"restartOnCrash":true,"crashTimeout":5000,"restartTimeout":0,"console":true,"logFile":"./logs/error.log","logConsoleOutput":"./logs/console.log"}
[Wed Jan 09 2019 10:45:43 GMT+0100 (Mitteleuropäische Zeit)]:  Process got status code 2 - Options were: {"restartOnCrash":true,"crashTimeout":5000,"restartTimeout":0,"console":true,"logFile":"./logs/error.log","logConsoleOutput":"./logs/console.log"}
[Wed Jan 09 2019 10:45:46 GMT+0100 (Mitteleuropäische Zeit)]:  Process got status code 2 - Options were: {"restartOnCrash":true,"crashTimeout":5000,"restartTimeout":0,"console":true,"logFile":"./logs/error.log","logConsoleOutput":"./logs/console.log"}
[Wed Jan 09 2019 10:45:49 GMT+0100 (Mitteleuropäische Zeit)]:  Process got status code 2 - Options were: {"restartOnCrash":true,"crashTimeout":5000,"restartTimeout":0,"console":true,"logFile":"./logs/error.log","logConsoleOutput":"./logs/console.log"}
[Wed Jan 09 2019 10:45:53 GMT+0100 (Mitteleuropäische Zeit)]:  Process got status code 2 - Options were: {"restartOnCrash":true,"crashTimeout":5000,"restartTimeout":0,"console":true,"logFile":"./logs/error.log","logConsoleOutput":"./logs/console.log"}
[Wed Jan 09 2019 10:45:56 GMT+0100 (Mitteleuropäische Zeit)]:  Process got status code 2 - Options were: {"restartOnCrash":true,"crashTimeout":5000,"restartTimeout":0,"console":true,"logFile":"./logs/error.log","logConsoleOutput":"./logs/console.log"}
[Wed Jan 09 2019 10:48:05 GMT+0100 (Mitteleuropäische Zeit)]:  Process got status code 2 - Options were: {"restartOnCrash":true,"crashTimeout":5000,"restartTimeout":0,"console":true,"logFile":"./logs/error.log","logConsoleOutput":"./logs/console.log","logTimestamp":true}
[Wed Jan 09 2019 10:48:08 GMT+0100 (Mitteleuropäische Zeit)]:  Process got status code 2 - Options were: {"restartOnCrash":true,"crashTimeout":5000,"restartTimeout":0,"console":true,"logFile":"./logs/error.log","logConsoleOutput":"./logs/console.log","logTimestamp":true}
[Wed Jan 09 2019 10:48:28 GMT+0100 (Mitteleuropäische Zeit)]:  Process got status code 2 - Options were: {"restartOnCrash":true,"crashTimeout":5000,"restartTimeout":0,"console":true,"logFile":"./logs/error.log","logConsoleOutput":"./logs/console.log","logTimestamp":false}
[Wed Jan 09 2019 10:48:31 GMT+0100 (Mitteleuropäische Zeit)]:  Process got status code 2 - Options were: {"restartOnCrash":true,"crashTimeout":5000,"restartTimeout":0,"console":true,"logFile":"./logs/error.log","logConsoleOutput":"./logs/console.log","logTimestamp":false}
[Wed Jan 09 2019 10:49:36 GMT+0100 (Mitteleuropäische Zeit)]:  Process got status code 2 - Options were: {"restartOnCrash":true,"crashTimeout":5000,"restartTimeout":0,"console":true,"logFile":"./logs/error.log","logConsoleOutput":"./logs/console.log","logTimestamp":false}
[Wed Jan 09 2019 10:50:43 GMT+0100 (Mitteleuropäische Zeit)]:  Process got status code 2 - Options were: {"restartOnCrash":true,"crashTimeout":5000,"restartTimeout":0,"console":true,"logFile":"./logs/error.log","logConsoleOutput":"./logs/console.log","logTimestamp":false}
[Wed Jan 09 2019 10:53:33 GMT+0100 (Mitteleuropäische Zeit)]:  Process got status code 2 - Options were: {"restartOnCrash":true,"crashTimeout":5000,"restartTimeout":0,"console":true,"logFile":"./logs/error.log","logConsoleOutput":"./logs/console.log","logTimestamp":false}
[Wed Jan 09 2019 10:53:41 GMT+0100 (Mitteleuropäische Zeit)]:  Process got status code 2 - Options were: {"restartOnCrash":true,"crashTimeout":5000,"restartTimeout":0,"console":true,"logFile":"./logs/error.log","logConsoleOutput":"./logs/console.log","logTimestamp":false}
[Wed Jan 09 2019 10:53:45 GMT+0100 (Mitteleuropäische Zeit)]:  Process got status code 2 - Options were: {"restartOnCrash":true,"crashTimeout":5000,"restartTimeout":0,"console":true,"logFile":"./logs/error.log","logConsoleOutput":"./logs/console.log","logTimestamp":false}
[Wed Jan 09 2019 10:53:48 GMT+0100 (Mitteleuropäische Zeit)]:  Process got status code 2 - Options were: {"restartOnCrash":true,"crashTimeout":5000,"restartTimeout":0,"console":true,"logFile":"./logs/error.log","logConsoleOutput":"./logs/console.log","logTimestamp":false}
Process got status code 2 - Options were: {"restartOnCrash":true,"crashTimeout":5000,"restartTimeout":0,"console":true,"logFile":"./logs/error.log","logConsoleOutput":"./logs/console.log","logTimestamp":false}
Process got status code 2 - Options were: {"restartOnCrash":true,"crashTimeout":5000,"restartTimeout":0,"console":true,"logFile":"./logs/error.log","logConsoleOutput":"./logs/console.log","logTimestamp":false}
Process got status code 2 - Options were: {"restartOnCrash":true,"crashTimeout":5000,"restartTimeout":0,"console":true,"logFile":"./logs/error.log","logConsoleOutput":"./logs/console.log","logTimestamp":false}
Process got status code 0 - Options were: {"restartOnCrash":true,"crashTimeout":5000,"restartTimeout":0,"console":true,"logFile":"./logs/error.log","logConsoleOutput":"./logs/console.log","logTimestamp":false}
Process got status code 0 - Options were: {"restartOnCrash":true,"crashTimeout":5000,"restartTimeout":0,"console":true,"logFile":"./logs/error.log","logConsoleOutput":"./logs/console.log","logTimestamp":false}
Process got status code 0 - Options were: {"restartOnCrash":true,"crashTimeout":5000,"restartTimeout":0,"console":true,"logFile":"./logs/error.log","logConsoleOutput":null,"logTimestamp":false,"restartCodes":[2,3,4]}
Process got status code 2 - Options were: {"restartOnCrash":true,"crashTimeout":5000,"restartTimeout":0,"console":true,"logFile":"./logs/error.log","logConsoleOutput":null,"logTimestamp":false,"restartCodes":[2,3,4]}
Process got status code 0 - Options were: {"restartOnCrash":true,"crashTimeout":5000,"restartTimeout":0,"console":true,"logFile":"./example/logs/complete.log","logConsoleOutput":null,"logTimestamp":false,"restartCodes":[2,3,4]}
Process got status code 0 - Options were: {"restartOnCrash":true,"crashTimeout":5000,"restartTimeout":0,"console":true,"logFile":"./example/logs/complete.log","logConsoleOutput":null,"logTimestamp":false,"restartCodes":[2,3,4]}
Process got status code 0 - Options were: {"restartOnCrash":true,"crashTimeout":5000,"restartTimeout":0,"console":true,"logFile":"./example/logs/complete.log","logConsoleOutput":null,"logTimestamp":false,"restartCodes":[2,3,4]}
Process got status code 2 - Options were: {"restartOnCrash":true,"crashTimeout":5000,"restartTimeout":0,"console":true,"logFile":"./example/logs/complete.log","logConsoleOutput":null,"logTimestamp":false,"restartCodes":[2,3,4]}
Process got status code 2 - Options were: {"restartOnCrash":true,"crashTimeout":5000,"restartTimeout":0,"console":true,"logFile":"./example/logs/complete.log","logConsoleOutput":null,"logTimestamp":false,"restartCodes":[2,3,4]}
Process got status code 2 - Options were: {"restartOnCrash":true,"crashTimeout":5000,"restartTimeout":0,"console":true,"logFile":"./example/logs/complete.log","logConsoleOutput":null,"logTimestamp":false,"restartCodes":[2,3,4]}
Process got status code 2 - Options were: {"restartOnCrash":true,"crashTimeout":5000,"restartTimeout":0,"console":true,"logFile":"./example/logs/complete.log","logConsoleOutput":null,"logTimestamp":false,"restartCodes":[2,3,4]}
Process got status code 2 - Options were: {"restartOnCrash":true,"crashTimeout":5000,"restartTimeout":0,"console":true,"logFile":"./example/logs/complete.log","logConsoleOutput":null,"logTimestamp":false,"restartCodes":[2,3,4]}
Process got status code 2 - Options were: {"restartOnCrash":true,"crashTimeout":5000,"restartTimeout":0,"console":true,"logFile":"./example/logs/complete.log","logConsoleOutput":null,"logTimestamp":false,"restartCodes":[2,3,4]}
Process got status code 2 - Options were: {"restartOnCrash":true,"crashTimeout":5000,"restartTimeout":0,"console":true,"logFile":"./example/logs/complete.log","logConsoleOutput":null,"logTimestamp":false,"restartCodes":[2,3,4]}
Process got status code 2 - Options were: {"restartOnCrash":true,"crashTimeout":5000,"restartTimeout":0,"console":true,"logFile":"./example/logs/complete.log","logConsoleOutput":null,"logTimestamp":false,"restartCodes":[2,3,4]}
