[Wed Jan 09 2019 10:45:39 GMT+0100 (Mitteleuropäische Zeit)]:  [33m[1m[processToBeWrapped][0m: Process was started!

[Wed Jan 09 2019 10:45:42 GMT+0100 (Mitteleuropäische Zeit)]:  [33m[1m[processToBeWrapped][0m: Restarting...

[Wed Jan 09 2019 10:45:43 GMT+0100 (Mitteleuropäische Zeit)]:  [33m[1m[processToBeWrapped][0m: Process was started!

[Wed Jan 09 2019 10:45:46 GMT+0100 (Mitteleuropäische Zeit)]:  [33m[1m[processToBeWrapped][0m: Restarting...

[Wed Jan 09 2019 10:45:46 GMT+0100 (Mitteleuropäische Zeit)]:  [33m[1m[processToBeWrapped][0m: Process was started!

[Wed Jan 09 2019 10:45:49 GMT+0100 (Mitteleuropäische Zeit)]:  [33m[1m[processToBeWrapped][0m: Restarting...

[Wed Jan 09 2019 10:45:50 GMT+0100 (Mitteleuropäische Zeit)]:  [33m[1m[processToBeWrapped][0m: Process was started!

[Wed Jan 09 2019 10:45:53 GMT+0100 (Mitteleuropäische Zeit)]:  [33m[1m[processToBeWrapped][0m: Restarting...

[Wed Jan 09 2019 10:45:53 GMT+0100 (Mitteleuropäische Zeit)]:  [33m[1m[processToBeWrapped][0m: Process was started!

[Wed Jan 09 2019 10:45:56 GMT+0100 (Mitteleuropäische Zeit)]:  [33m[1m[processToBeWrapped][0m: Restarting...

[Wed Jan 09 2019 10:45:57 GMT+0100 (Mitteleuropäische Zeit)]:  [33m[1m[processToBeWrapped][0m: Process was started!

[Wed Jan 09 2019 10:47:29 GMT+0100 (Mitteleuropäische Zeit)]:  [33m[1m[processToBeWrapped][0m: Process was started!

[Wed Jan 09 2019 10:47:32 GMT+0100 (Mitteleuropäische Zeit)]:  [33m[1m[processToBeWrapped][0m: Restarting...

[Wed Jan 09 2019 10:48:02 GMT+0100 (Mitteleuropäische Zeit)]:  [33m[1m[processToBeWrapped][0m: Process was started!

[Wed Jan 09 2019 10:48:05 GMT+0100 (Mitteleuropäische Zeit)]:  [33m[1m[processToBeWrapped][0m: Restarting...

[Wed Jan 09 2019 10:48:05 GMT+0100 (Mitteleuropäische Zeit)]:  [33m[1m[processToBeWrapped][0m: Process was started!

[Wed Jan 09 2019 10:48:08 GMT+0100 (Mitteleuropäische Zeit)]:  [33m[1m[processToBeWrapped][0m: Restarting...

[Wed Jan 09 2019 10:48:09 GMT+0100 (Mitteleuropäische Zeit)]:  [33m[1m[processToBeWrapped][0m: Process was started!

[Wed Jan 09 2019 10:48:25 GMT+0100 (Mitteleuropäische Zeit)]:  [33m[1m[processToBeWrapped][0m: Process was started!

[Wed Jan 09 2019 10:48:28 GMT+0100 (Mitteleuropäische Zeit)]:  [33m[1m[processToBeWrapped][0m: Restarting...

[Wed Jan 09 2019 10:48:28 GMT+0100 (Mitteleuropäische Zeit)]:  [33m[1m[processToBeWrapped][0m: Process was started!

[Wed Jan 09 2019 10:48:31 GMT+0100 (Mitteleuropäische Zeit)]:  [33m[1m[processToBeWrapped][0m: Restarting...

[Wed Jan 09 2019 10:48:32 GMT+0100 (Mitteleuropäische Zeit)]:  [33m[1m[processToBeWrapped][0m: Process was started!

[Wed Jan 09 2019 10:48:55 GMT+0100 (Mitteleuropäische Zeit)]:  [33m[1m[processToBeWrapped][0m: Process was started!

[Wed Jan 09 2019 10:49:33 GMT+0100 (Mitteleuropäische Zeit)]:  [33m[1m[processToBeWrapped][0m: Process was started!

[Wed Jan 09 2019 10:49:36 GMT+0100 (Mitteleuropäische Zeit)]:  [33m[1m[processToBeWrapped][0m: Restarting...

[Wed Jan 09 2019 10:49:37 GMT+0100 (Mitteleuropäische Zeit)]:  [33m[1m[processToBeWrapped][0m: Process was started!

[Wed Jan 09 2019 10:49:48 GMT+0100 (Mitteleuropäische Zeit)]:  [33m[1m[processToBeWrapped][0m: Process was started!

[Wed Jan 09 2019 10:50:06 GMT+0100 (Mitteleuropäische Zeit)]:  [33m[1m[processToBeWrapped][0m: Process was started!

[Wed Jan 09 2019 10:50:39 GMT+0100 (Mitteleuropäische Zeit)]:  [33m[1m[processToBeWrapped][0m: Process was started!

[Wed Jan 09 2019 10:50:43 GMT+0100 (Mitteleuropäische Zeit)]:  [33m[1m[processToBeWrapped][0m: Restarting...

[Wed Jan 09 2019 10:50:43 GMT+0100 (Mitteleuropäische Zeit)]:  [33m[1m[processToBeWrapped][0m: Process was started!

[Wed Jan 09 2019 10:51:33 GMT+0100 (Mitteleuropäische Zeit)]:  [33m[1m[processToBeWrapped][0m: Process was started!

[Wed Jan 09 2019 10:51:38 GMT+0100 (Mitteleuropäische Zeit)]:  [33m[1m[processToBeWrapped][0m: Process was started!

[33m[1m[processToBeWrapped][0m: Process was started!

[33m[1m[processToBeWrapped][0m: Restarting...

[33m[1m[processToBeWrapped][0m: Process was started!

[33m[1m[processToBeWrapped][0m: Process was started!

[33m[1m[processToBeWrapped][0m: Restarting...

[33m[1m[processToBeWrapped][0m: Process was started!

[33m[1m[processToBeWrapped][0m: Restarting...

[33m[1m[processToBeWrapped][0m: Process was started!

[33m[1m[processToBeWrapped][0m: Restarting...

[33m[1m[processToBeWrapped][0m: Process was started!

[33m[1m[processToBeWrapped][0m: Restarting...

[33m[1m[processToBeWrapped][0m: Process was started!

[33m[1m[processToBeWrapped][0m: Restarting...

[33m[1m[processToBeWrapped][0m: Process was started!

[33m[1m[processToBeWrapped][0m: Process was started!

[33m[1m[processToBeWrapped][0m: Restarting...

[33m[1m[processToBeWrapped][0m: Process was started!

[33m[1m[processToBeWrapped][0m: Process was started!

[33m[1m[processToBeWrapped][0m: Stopping...

[33m[1m[processToBeWrapped][0m: Process was started!

[33m[1m[processToBeWrapped][0m: Stopping...

